<?xml version="1.0" encoding="UTF-8"?>
<testng-results ignored="0" total="1" passed="1" failed="0" skipped="0">
  <reporter-output>
  </reporter-output>
  <suite started-at="2024-12-06T19:25:50 IST" name="Default suite" finished-at="2024-12-06T19:25:58 IST" duration-ms="7961">
    <groups>
    </groups>
    <test started-at="2024-12-06T19:25:50 IST" name="Default test" finished-at="2024-12-06T19:25:58 IST" duration-ms="7961">
      <class name="testcases.LoginFunctionalityWithDataProvider">
        <test-method is-config="true" signature="setup()[pri:0, instance:testcases.LoginFunctionalityWithDataProvider@323b36e0]" started-at="2024-12-06T19:25:50 IST" name="setup" finished-at="2024-12-06T19:25:54 IST" duration-ms="3701" status="PASS">
          <reporter-output>
          </reporter-output>
        </test-method> <!-- setup -->
        <test-method signature="validatingLoginWithDifferentUserData()[pri:0, instance:testcases.LoginFunctionalityWithDataProvider@323b36e0]" started-at="2024-12-06T19:25:54 IST" name="validatingLoginWithDifferentUserData" finished-at="2024-12-06T19:25:57 IST" duration-ms="3582" status="PASS">
          <reporter-output>
          </reporter-output>
        </test-method> <!-- validatingLoginWithDifferentUserData -->
        <test-method is-config="true" signature="tearDown()[pri:0, instance:testcases.LoginFunctionalityWithDataProvider@323b36e0]" started-at="2024-12-06T19:25:57 IST" name="tearDown" finished-at="2024-12-06T19:25:58 IST" duration-ms="622" status="PASS">
          <reporter-output>
          </reporter-output>
        </test-method> <!-- tearDown -->
      </class> <!-- testcases.LoginFunctionalityWithDataProvider -->
    </test> <!-- Default test -->
  </suite> <!-- Default suite -->
</testng-results>
