<?xml version="1.0" encoding="UTF-8"?>
<testng-results ignored="0" total="1" passed="1" failed="0" skipped="0">
  <reporter-output>
  </reporter-output>
  <suite started-at="2024-12-06T16:30:20 IST" name="Default suite" finished-at="2024-12-06T16:30:42 IST" duration-ms="22174">
    <groups>
    </groups>
    <test started-at="2024-12-06T16:30:20 IST" name="Default test" finished-at="2024-12-06T16:30:42 IST" duration-ms="22174">
      <class name="testcases.LoginFunctionalityWithScreenshotInExtentReport">
        <test-method is-config="true" signature="setup()[pri:0, instance:testcases.LoginFunctionalityWithScreenshotInExtentReport@323b36e0]" started-at="2024-12-06T16:30:20 IST" name="setup" finished-at="2024-12-06T16:30:29 IST" duration-ms="9032" status="PASS">
          <reporter-output>
          </reporter-output>
        </test-method> <!-- setup -->
        <test-method signature="validateLoginFunctionalityWithScreenshotInExtentReport()[pri:0, instance:testcases.LoginFunctionalityWithScreenshotInExtentReport@323b36e0]" started-at="2024-12-06T16:30:29 IST" name="validateLoginFunctionalityWithScreenshotInExtentReport" finished-at="2024-12-06T16:30:41 IST" duration-ms="11691" status="PASS">
          <reporter-output>
          </reporter-output>
        </test-method> <!-- validateLoginFunctionalityWithScreenshotInExtentReport -->
        <test-method is-config="true" signature="tearDown()[pri:0, instance:testcases.LoginFunctionalityWithScreenshotInExtentReport@323b36e0]" started-at="2024-12-06T16:30:41 IST" name="tearDown" finished-at="2024-12-06T16:30:42 IST" duration-ms="1393" status="PASS">
          <reporter-output>
          </reporter-output>
        </test-method> <!-- tearDown -->
      </class> <!-- testcases.LoginFunctionalityWithScreenshotInExtentReport -->
    </test> <!-- Default test -->
  </suite> <!-- Default suite -->
</testng-results>
